[debug] [2022-10-27T22:11:07.630Z] ----------------------------------------------------------------------
[debug] [2022-10-27T22:11:07.634Z] Command:       C:\Program Files\nodejs\node.exe C:\Users\I-MAG\AppData\Roaming\npm\node_modules\firebase-tools\lib\bin\firebase.js login
[debug] [2022-10-27T22:11:07.635Z] CLI Version:   11.15.0
[debug] [2022-10-27T22:11:07.635Z] Platform:      win32
[debug] [2022-10-27T22:11:07.635Z] Node Version:  v18.7.0
[debug] [2022-10-27T22:11:07.637Z] Time:          Thu Oct 27 2022 19:11:07 GMT-0300 (hora estándar de Argentina)
[debug] [2022-10-27T22:11:07.638Z] ----------------------------------------------------------------------
[debug] 
[debug] [2022-10-27T22:11:07.644Z] >>> [apiv2][query] GET https://firebase-public.firebaseio.com/cli.json [none]
[info] i  Firebase optionally collects CLI and Emulator Suite usage and error reporting information to help improve our products. Data is collected in accordance with Google's privacy policy (https://policies.google.com/privacy) and is not used to identify you.
 
[debug] [2022-10-27T22:11:08.378Z] <<< [apiv2][status] GET https://firebase-public.firebaseio.com/cli.json 200
[debug] [2022-10-27T22:11:08.382Z] <<< [apiv2][body] GET https://firebase-public.firebaseio.com/cli.json {"cloudBuildErrorAfter":1594252800000,"cloudBuildWarnAfter":1590019200000,"defaultNode10After":1594252800000,"minVersion":"3.0.5","node8DeploysDisabledAfter":1613390400000,"node8RuntimeDisabledAfter":1615809600000,"node8WarnAfter":1600128000000}
[info] i  To change your data collection preference at any time, run `firebase logout` and log in again. 
[info] 
[info] Visit this URL on this device to log in:
[info] https://accounts.google.com/o/oauth2/auth?client_id=563584335869-fgrhgmd47bqnekij5i8b5pr03ho849e6.apps.googleusercontent.com&scope=email%20openid%20https%3A%2F%2Fwww.googleapis.com%2Fauth%2Fcloudplatformprojects.readonly%20https%3A%2F%2Fwww.googleapis.com%2Fauth%2Ffirebase%20https%3A%2F%2Fwww.googleapis.com%2Fauth%2Fcloud-platform&response_type=code&state=328554876&redirect_uri=http%3A%2F%2Flocalhost%3A9005
[info] 
[info] Waiting for authentication...
[debug] [2022-10-27T22:11:13.187Z] Error: spawn cmd ENOENT
    at ChildProcess._handle.onexit (node:internal/child_process:283:19)
    at onErrorNT (node:internal/child_process:476:16)
    at process.processTicksAndRejections (node:internal/process/task_queues:82:21)
[error] 
[error] Error: An unexpected error has occurred.
[debug] [2022-10-27T22:11:46.545Z] ----------------------------------------------------------------------
[debug] [2022-10-27T22:11:46.548Z] Command:       C:\Program Files\nodejs\node.exe C:\Users\I-MAG\AppData\Roaming\npm\node_modules\firebase-tools\lib\bin\firebase.js login
[debug] [2022-10-27T22:11:46.549Z] CLI Version:   11.15.0
[debug] [2022-10-27T22:11:46.550Z] Platform:      win32
[debug] [2022-10-27T22:11:46.550Z] Node Version:  v18.7.0
[debug] [2022-10-27T22:11:46.552Z] Time:          Thu Oct 27 2022 19:11:46 GMT-0300 (hora estándar de Argentina)
[debug] [2022-10-27T22:11:46.552Z] ----------------------------------------------------------------------
[debug] 
[info] i  Firebase optionally collects CLI and Emulator Suite usage and error reporting information to help improve our products. Data is collected in accordance with Google's privacy policy (https://policies.google.com/privacy) and is not used to identify you.
 
[info] i  To change your data collection preference at any time, run `firebase logout` and log in again. 
[info] 
[info] Visit this URL on this device to log in:
[info] https://accounts.google.com/o/oauth2/auth?client_id=563584335869-fgrhgmd47bqnekij5i8b5pr03ho849e6.apps.googleusercontent.com&scope=email%20openid%20https%3A%2F%2Fwww.googleapis.com%2Fauth%2Fcloudplatformprojects.readonly%20https%3A%2F%2Fwww.googleapis.com%2Fauth%2Ffirebase%20https%3A%2F%2Fwww.googleapis.com%2Fauth%2Fcloud-platform&response_type=code&state=92839306&redirect_uri=http%3A%2F%2Flocalhost%3A9005
[info] 
[info] Waiting for authentication...
[debug] [2022-10-27T22:12:26.951Z] Error: spawn cmd ENOENT
    at ChildProcess._handle.onexit (node:internal/child_process:283:19)
    at onErrorNT (node:internal/child_process:476:16)
    at process.processTicksAndRejections (node:internal/process/task_queues:82:21)
[error] 
[error] Error: An unexpected error has occurred.
[debug] [2022-10-28T01:01:09.588Z] ----------------------------------------------------------------------
[debug] [2022-10-28T01:01:09.592Z] Command:       C:\Program Files\nodejs\node.exe C:\Users\I-MAG\AppData\Roaming\npm\node_modules\firebase-tools\lib\bin\firebase.js login
[debug] [2022-10-28T01:01:09.593Z] CLI Version:   11.15.0
[debug] [2022-10-28T01:01:09.593Z] Platform:      win32
[debug] [2022-10-28T01:01:09.594Z] Node Version:  v18.7.0
[debug] [2022-10-28T01:01:09.595Z] Time:          Thu Oct 27 2022 22:01:09 GMT-0300 (hora estándar de Argentina)
[debug] [2022-10-28T01:01:09.596Z] ----------------------------------------------------------------------
[debug] 
[info] i  Firebase optionally collects CLI and Emulator Suite usage and error reporting information to help improve our products. Data is collected in accordance with Google's privacy policy (https://policies.google.com/privacy) and is not used to identify you.
 
[info] i  To change your data collection preference at any time, run `firebase logout` and log in again. 
[info] 
[info] Visit this URL on this device to log in:
[info] https://accounts.google.com/o/oauth2/auth?client_id=563584335869-fgrhgmd47bqnekij5i8b5pr03ho849e6.apps.googleusercontent.com&scope=email%20openid%20https%3A%2F%2Fwww.googleapis.com%2Fauth%2Fcloudplatformprojects.readonly%20https%3A%2F%2Fwww.googleapis.com%2Fauth%2Ffirebase%20https%3A%2F%2Fwww.googleapis.com%2Fauth%2Fcloud-platform&response_type=code&state=113990651&redirect_uri=http%3A%2F%2Flocalhost%3A9005
[info] 
[info] Waiting for authentication...
[debug] [2022-10-28T01:01:28.631Z] Error: spawn cmd ENOENT
    at ChildProcess._handle.onexit (node:internal/child_process:283:19)
    at onErrorNT (node:internal/child_process:476:16)
    at process.processTicksAndRejections (node:internal/process/task_queues:82:21)
[error] 
[error] Error: An unexpected error has occurred.
[debug] [2022-10-28T01:02:13.839Z] ----------------------------------------------------------------------
[debug] [2022-10-28T01:02:13.842Z] Command:       C:\Program Files\nodejs\node.exe C:\Users\I-MAG\AppData\Roaming\npm\node_modules\firebase-tools\lib\bin\firebase.js login
[debug] [2022-10-28T01:02:13.843Z] CLI Version:   11.15.0
[debug] [2022-10-28T01:02:13.844Z] Platform:      win32
[debug] [2022-10-28T01:02:13.844Z] Node Version:  v18.7.0
[debug] [2022-10-28T01:02:13.846Z] Time:          Thu Oct 27 2022 22:02:13 GMT-0300 (hora estándar de Argentina)
[debug] [2022-10-28T01:02:13.846Z] ----------------------------------------------------------------------
[debug] 
[info] i  Firebase optionally collects CLI and Emulator Suite usage and error reporting information to help improve our products. Data is collected in accordance with Google's privacy policy (https://policies.google.com/privacy) and is not used to identify you.
 
[info] i  To change your data collection preference at any time, run `firebase logout` and log in again. 
[info] 
[info] Visit this URL on this device to log in:
[info] https://accounts.google.com/o/oauth2/auth?client_id=563584335869-fgrhgmd47bqnekij5i8b5pr03ho849e6.apps.googleusercontent.com&scope=email%20openid%20https%3A%2F%2Fwww.googleapis.com%2Fauth%2Fcloudplatformprojects.readonly%20https%3A%2F%2Fwww.googleapis.com%2Fauth%2Ffirebase%20https%3A%2F%2Fwww.googleapis.com%2Fauth%2Fcloud-platform&response_type=code&state=546216524&redirect_uri=http%3A%2F%2Flocalhost%3A9005
[info] 
[info] Waiting for authentication...
[debug] [2022-10-28T01:03:53.228Z] Error: spawn cmd ENOENT
    at ChildProcess._handle.onexit (node:internal/child_process:283:19)
    at onErrorNT (node:internal/child_process:476:16)
    at process.processTicksAndRejections (node:internal/process/task_queues:82:21)
[error] 
[error] Error: An unexpected error has occurred.
[debug] [2022-10-28T01:07:24.296Z] ----------------------------------------------------------------------
[debug] [2022-10-28T01:07:24.300Z] Command:       C:\Program Files\nodejs\node.exe C:\Users\I-MAG\AppData\Roaming\npm\node_modules\firebase-tools\lib\bin\firebase.js login
[debug] [2022-10-28T01:07:24.301Z] CLI Version:   11.15.0
[debug] [2022-10-28T01:07:24.301Z] Platform:      win32
[debug] [2022-10-28T01:07:24.301Z] Node Version:  v18.7.0
[debug] [2022-10-28T01:07:24.303Z] Time:          Thu Oct 27 2022 22:07:24 GMT-0300 (hora estándar de Argentina)
[debug] [2022-10-28T01:07:24.304Z] ----------------------------------------------------------------------
[debug] 
[info] i  Firebase optionally collects CLI and Emulator Suite usage and error reporting information to help improve our products. Data is collected in accordance with Google's privacy policy (https://policies.google.com/privacy) and is not used to identify you.
 
[info] 
[info] Visit this URL on this device to log in:
[info] https://accounts.google.com/o/oauth2/auth?client_id=563584335869-fgrhgmd47bqnekij5i8b5pr03ho849e6.apps.googleusercontent.com&scope=email%20openid%20https%3A%2F%2Fwww.googleapis.com%2Fauth%2Fcloudplatformprojects.readonly%20https%3A%2F%2Fwww.googleapis.com%2Fauth%2Ffirebase%20https%3A%2F%2Fwww.googleapis.com%2Fauth%2Fcloud-platform&response_type=code&state=387042551&redirect_uri=http%3A%2F%2Flocalhost%3A9005
[info] 
[info] Waiting for authentication...
[debug] [2022-10-28T01:07:39.091Z] Error: spawn cmd ENOENT
    at ChildProcess._handle.onexit (node:internal/child_process:283:19)
    at onErrorNT (node:internal/child_process:476:16)
    at process.processTicksAndRejections (node:internal/process/task_queues:82:21)
[error] 
[error] Error: An unexpected error has occurred.
[debug] [2022-10-28T01:10:48.271Z] ----------------------------------------------------------------------
[debug] [2022-10-28T01:10:48.275Z] Command:       C:\Program Files\nodejs\node.exe C:\Users\I-MAG\AppData\Roaming\npm\node_modules\firebase-tools\lib\bin\firebase.js login
[debug] [2022-10-28T01:10:48.276Z] CLI Version:   11.15.0
[debug] [2022-10-28T01:10:48.276Z] Platform:      win32
[debug] [2022-10-28T01:10:48.277Z] Node Version:  v18.7.0
[debug] [2022-10-28T01:10:48.278Z] Time:          Thu Oct 27 2022 22:10:48 GMT-0300 (hora estándar de Argentina)
[debug] [2022-10-28T01:10:48.279Z] ----------------------------------------------------------------------
[debug] 
[info] i  Firebase optionally collects CLI and Emulator Suite usage and error reporting information to help improve our products. Data is collected in accordance with Google's privacy policy (https://policies.google.com/privacy) and is not used to identify you.
 
[info] i  To change your data collection preference at any time, run `firebase logout` and log in again. 
[info] 
[info] Visit this URL on this device to log in:
[info] https://accounts.google.com/o/oauth2/auth?client_id=563584335869-fgrhgmd47bqnekij5i8b5pr03ho849e6.apps.googleusercontent.com&scope=email%20openid%20https%3A%2F%2Fwww.googleapis.com%2Fauth%2Fcloudplatformprojects.readonly%20https%3A%2F%2Fwww.googleapis.com%2Fauth%2Ffirebase%20https%3A%2F%2Fwww.googleapis.com%2Fauth%2Fcloud-platform&response_type=code&state=296610352&redirect_uri=http%3A%2F%2Flocalhost%3A9005
[info] 
[info] Waiting for authentication...
[debug] [2022-10-28T01:10:52.355Z] Error: spawn cmd ENOENT
    at ChildProcess._handle.onexit (node:internal/child_process:283:19)
    at onErrorNT (node:internal/child_process:476:16)
    at process.processTicksAndRejections (node:internal/process/task_queues:82:21)
[error] 
[error] Error: An unexpected error has occurred.
[debug] [2022-10-28T01:15:33.673Z] ----------------------------------------------------------------------
[debug] [2022-10-28T01:15:33.678Z] Command:       C:\Program Files\nodejs\node.exe C:\Users\I-MAG\AppData\Roaming\npm\node_modules\firebase-tools\lib\bin\firebase.js login
[debug] [2022-10-28T01:15:33.679Z] CLI Version:   11.15.0
[debug] [2022-10-28T01:15:33.680Z] Platform:      win32
[debug] [2022-10-28T01:15:33.680Z] Node Version:  v18.7.0
[debug] [2022-10-28T01:15:33.682Z] Time:          Thu Oct 27 2022 22:15:33 GMT-0300 (hora estándar de Argentina)
[debug] [2022-10-28T01:15:33.682Z] ----------------------------------------------------------------------
[debug] 
[info] i  Firebase optionally collects CLI and Emulator Suite usage and error reporting information to help improve our products. Data is collected in accordance with Google's privacy policy (https://policies.google.com/privacy) and is not used to identify you.
 
[info] i  To change your data collection preference at any time, run `firebase logout` and log in again. 
[info] 
[info] Visit this URL on this device to log in:
[info] https://accounts.google.com/o/oauth2/auth?client_id=563584335869-fgrhgmd47bqnekij5i8b5pr03ho849e6.apps.googleusercontent.com&scope=email%20openid%20https%3A%2F%2Fwww.googleapis.com%2Fauth%2Fcloudplatformprojects.readonly%20https%3A%2F%2Fwww.googleapis.com%2Fauth%2Ffirebase%20https%3A%2F%2Fwww.googleapis.com%2Fauth%2Fcloud-platform&response_type=code&state=204880558&redirect_uri=http%3A%2F%2Flocalhost%3A9005
[info] 
[info] Waiting for authentication...
[debug] [2022-10-28T01:15:39.483Z] Error: spawn cmd ENOENT
    at ChildProcess._handle.onexit (node:internal/child_process:283:19)
    at onErrorNT (node:internal/child_process:476:16)
    at process.processTicksAndRejections (node:internal/process/task_queues:82:21)
[error] 
[error] Error: An unexpected error has occurred.
[debug] [2022-10-28T21:11:29.135Z] ----------------------------------------------------------------------
[debug] [2022-10-28T21:11:29.138Z] Command:       C:\Program Files\nodejs\node.exe C:\Users\I-MAG\AppData\Roaming\npm\node_modules\firebase-tools\lib\bin\firebase.js login
[debug] [2022-10-28T21:11:29.139Z] CLI Version:   11.15.0
[debug] [2022-10-28T21:11:29.140Z] Platform:      win32
[debug] [2022-10-28T21:11:29.140Z] Node Version:  v18.7.0
[debug] [2022-10-28T21:11:29.141Z] Time:          Fri Oct 28 2022 18:11:29 GMT-0300 (hora estándar de Argentina)
[debug] [2022-10-28T21:11:29.142Z] ----------------------------------------------------------------------
[debug] 
[info] i  Firebase optionally collects CLI and Emulator Suite usage and error reporting information to help improve our products. Data is collected in accordance with Google's privacy policy (https://policies.google.com/privacy) and is not used to identify you.
 
[info] i  To change your data collection preference at any time, run `firebase logout` and log in again. 
[info] 
[info] Visit this URL on this device to log in:
[info] https://accounts.google.com/o/oauth2/auth?client_id=563584335869-fgrhgmd47bqnekij5i8b5pr03ho849e6.apps.googleusercontent.com&scope=email%20openid%20https%3A%2F%2Fwww.googleapis.com%2Fauth%2Fcloudplatformprojects.readonly%20https%3A%2F%2Fwww.googleapis.com%2Fauth%2Ffirebase%20https%3A%2F%2Fwww.googleapis.com%2Fauth%2Fcloud-platform&response_type=code&state=1025978869&redirect_uri=http%3A%2F%2Flocalhost%3A9005
[info] 
[info] Waiting for authentication...
[debug] [2022-10-28T21:11:33.487Z] Error: spawn cmd ENOENT
    at ChildProcess._handle.onexit (node:internal/child_process:283:19)
    at onErrorNT (node:internal/child_process:476:16)
    at process.processTicksAndRejections (node:internal/process/task_queues:82:21)
[error] 
[error] Error: An unexpected error has occurred.
